<<<<<<< HEAD
﻿LINK : warning LNK4098: 默认库“LIBCMT”与其他库的使用冲突；请使用 /NODEFAULTLIB:library
DemoTestRender.obj : error LNK2019: 无法解析的外部符号 "bool __cdecl ImGui_ImplGLUT_Init(void)" (?ImGui_ImplGLUT_Init@@YA_NXZ)，函数 "void __cdecl renderLoop(void)" (?renderLoop@@YAXXZ) 中引用了该符号
DemoTestRender.obj : error LNK2019: 无法解析的外部符号 "void __cdecl ImGui_ImplGLUT_InstallFuncs(void)" (?ImGui_ImplGLUT_InstallFuncs@@YAXXZ)，函数 "void __cdecl renderLoop(void)" (?renderLoop@@YAXXZ) 中引用了该符号
DemoTestRender.obj : error LNK2019: 无法解析的外部符号 "void __cdecl ImGui_ImplGLUT_Shutdown(void)" (?ImGui_ImplGLUT_Shutdown@@YAXXZ)，函数 "void __cdecl renderLoop(void)" (?renderLoop@@YAXXZ) 中引用了该符号
DemoTestRender.obj : error LNK2019: 无法解析的外部符号 "bool __cdecl ImGui_ImplOpenGL2_Init(void)" (?ImGui_ImplOpenGL2_Init@@YA_NXZ)，函数 "void __cdecl renderLoop(void)" (?renderLoop@@YAXXZ) 中引用了该符号
DemoTestRender.obj : error LNK2019: 无法解析的外部符号 "void __cdecl ImGui_ImplOpenGL2_Shutdown(void)" (?ImGui_ImplOpenGL2_Shutdown@@YAXXZ)，函数 "void __cdecl renderLoop(void)" (?renderLoop@@YAXXZ) 中引用了该符号
Render.obj : error LNK2019: 无法解析的外部符号 "void __cdecl ImGui_ImplGLUT_NewFrame(void)" (?ImGui_ImplGLUT_NewFrame@@YAXXZ)，函数 "void __cdecl Snippets::glut_display_func(void)" (?glut_display_func@Snippets@@YAXXZ) 中引用了该符号
Render.obj : error LNK2019: 无法解析的外部符号 "void __cdecl ImGui_ImplOpenGL2_NewFrame(void)" (?ImGui_ImplOpenGL2_NewFrame@@YAXXZ)，函数 "void __cdecl Snippets::glut_display_func(void)" (?glut_display_func@Snippets@@YAXXZ) 中引用了该符号
.\..\..\..\bin\vc16win64\DemoTestDEBUG.exe : fatal error LNK1120: 7 个无法解析的外部命令
=======
﻿  DemoTest.cpp
D:\Homework\实训\PhysX-Tutorial-master\PhysX-Tutorial-master\PhysX_3.4\SCUT2022_Nayeon\src\DemoTest\DemoTest.cpp(1,1): warning C4819: 该文件包含不能在当前代码页(936)中表示的字符。请将该文件保存为 Unicode 格式以防止数据丢失
D:\Homework\实训\PhysX-Tutorial-master\PhysX-Tutorial-master\PhysX_3.4\SCUT2022_Nayeon\src\ModelLoading\mesh.h(90,1): warning C4267: “参数”: 从“size_t”转换到“GLsizei”，可能丢失数据
D:\Homework\实训\PhysX-Tutorial-master\PhysX-Tutorial-master\PhysX_3.4\SCUT2022_Nayeon\src\DemoTest\DemoTest.cpp(989,1): warning C4819: 该文件包含不能在当前代码页(936)中表示的字符。请将该文件保存为 Unicode 格式以防止数据丢失
  DemoTest.vcxproj -> D:\Homework\实训\PhysX-Tutorial-master\PhysX-Tutorial-master\PhysX_3.4\bin\vc16win64\DemoTestDEBUG.exe
  复制了 0 个文件
  复制了 0 个文件
>>>>>>> bfa33d91eb6ff3eb8106cbf3b3e9895cf38ef059
